28.08.2021 - 11:19:07 - [TAB v2.9.2] Failed to check AFK status of ItzAnu_
28.08.2021 - 11:19:07 - java.lang.NullPointerException: Cannot invoke "Object.getClass()" because "obj" is null
28.08.2021 - 11:19:07 -        at java.base/java.lang.reflect.Method.invoke(Method.java:560)
28.08.2021 - 11:19:07 -        at me.neznamy.tab.platforms.bukkit.BukkitPlaceholderRegistry$8.get(BukkitPlaceholderRegistry.java:164)
28.08.2021 - 11:19:07 -        at me.neznamy.tab.shared.placeholders.PlayerPlaceholder.update(PlayerPlaceholder.java:36)
28.08.2021 - 11:19:07 -        at me.neznamy.tab.shared.features.PlaceholderManager.updatePlayerPlaceholder(PlaceholderManager.java:116)
28.08.2021 - 11:19:07 -        at me.neznamy.tab.shared.features.PlaceholderManager.lambda$new$0(PlaceholderManager.java:81)
28.08.2021 - 11:19:07 -        at me.neznamy.tab.shared.cpu.CPUManager.lambda$startRepeatingMeasuredTask$2(CPUManager.java:146)
28.08.2021 - 11:19:07 -        at me.neznamy.tab.shared.cpu.CPUManager.lambda$submit$4(CPUManager.java:180)
28.08.2021 - 11:19:07 -        at java.base/java.util.concurrent.Executors$RunnableAdapter.call(Executors.java:515)
28.08.2021 - 11:19:07 -        at java.base/java.util.concurrent.FutureTask.run(FutureTask.java:264)
28.08.2021 - 11:19:07 -        at java.base/java.util.concurrent.ThreadPoolExecutor.runWorker(ThreadPoolExecutor.java:1130)
28.08.2021 - 11:19:07 -        at java.base/java.util.concurrent.ThreadPoolExecutor$Worker.run(ThreadPoolExecutor.java:630)
28.08.2021 - 11:19:07 -        at java.base/java.lang.Thread.run(Thread.java:831)
28.08.2021 - 20:08:03 - [TAB v2.9.2] Failed to check AFK status of ItzAnu_
28.08.2021 - 20:08:03 - java.lang.NullPointerException: Cannot invoke "Object.getClass()" because "obj" is null
28.08.2021 - 20:08:03 -        at java.base/java.lang.reflect.Method.invoke(Method.java:560)
28.08.2021 - 20:08:03 -        at me.neznamy.tab.platforms.bukkit.BukkitPlaceholderRegistry$8.get(BukkitPlaceholderRegistry.java:164)
28.08.2021 - 20:08:03 -        at me.neznamy.tab.shared.placeholders.PlayerPlaceholder.update(PlayerPlaceholder.java:36)
28.08.2021 - 20:08:03 -        at me.neznamy.tab.shared.features.PlaceholderManager.updatePlayerPlaceholder(PlaceholderManager.java:116)
28.08.2021 - 20:08:03 -        at me.neznamy.tab.shared.features.PlaceholderManager.lambda$new$0(PlaceholderManager.java:81)
28.08.2021 - 20:08:03 -        at me.neznamy.tab.shared.cpu.CPUManager.lambda$startRepeatingMeasuredTask$2(CPUManager.java:146)
28.08.2021 - 20:08:03 -        at me.neznamy.tab.shared.cpu.CPUManager.lambda$submit$4(CPUManager.java:180)
28.08.2021 - 20:08:03 -        at java.base/java.util.concurrent.Executors$RunnableAdapter.call(Executors.java:515)
28.08.2021 - 20:08:03 -        at java.base/java.util.concurrent.FutureTask.run(FutureTask.java:264)
28.08.2021 - 20:08:03 -        at java.base/java.util.concurrent.ThreadPoolExecutor.runWorker(ThreadPoolExecutor.java:1130)
28.08.2021 - 20:08:03 -        at java.base/java.util.concurrent.ThreadPoolExecutor$Worker.run(ThreadPoolExecutor.java:630)
28.08.2021 - 20:08:03 -        at java.base/java.lang.Thread.run(Thread.java:831)
28.08.2021 - 20:08:03 - [TAB v2.9.2] Failed to check AFK status of test12546522
28.08.2021 - 20:08:03 - java.lang.NullPointerException: Cannot invoke "Object.getClass()" because "obj" is null
28.08.2021 - 20:08:03 -        at java.base/java.lang.reflect.Method.invoke(Method.java:560)
28.08.2021 - 20:08:03 -        at me.neznamy.tab.platforms.bukkit.BukkitPlaceholderRegistry$8.get(BukkitPlaceholderRegistry.java:164)
28.08.2021 - 20:08:03 -        at me.neznamy.tab.shared.placeholders.PlayerPlaceholder.update(PlayerPlaceholder.java:36)
28.08.2021 - 20:08:03 -        at me.neznamy.tab.shared.features.PlaceholderManager.updatePlayerPlaceholder(PlaceholderManager.java:116)
28.08.2021 - 20:08:03 -        at me.neznamy.tab.shared.features.PlaceholderManager.lambda$new$0(PlaceholderManager.java:81)
28.08.2021 - 20:08:03 -        at me.neznamy.tab.shared.cpu.CPUManager.lambda$startRepeatingMeasuredTask$2(CPUManager.java:146)
28.08.2021 - 20:08:03 -        at me.neznamy.tab.shared.cpu.CPUManager.lambda$submit$4(CPUManager.java:180)
28.08.2021 - 20:08:03 -        at java.base/java.util.concurrent.Executors$RunnableAdapter.call(Executors.java:515)
28.08.2021 - 20:08:03 -        at java.base/java.util.concurrent.FutureTask.run(FutureTask.java:264)
28.08.2021 - 20:08:03 -        at java.base/java.util.concurrent.ThreadPoolExecutor.runWorker(ThreadPoolExecutor.java:1130)
28.08.2021 - 20:08:03 -        at java.base/java.util.concurrent.ThreadPoolExecutor$Worker.run(ThreadPoolExecutor.java:630)
28.08.2021 - 20:08:03 -        at java.base/java.lang.Thread.run(Thread.java:831)
